<?xml version="1.0" encoding="UTF-8"?><testsuite errors="1" failures="0" name="ebank.com.vn.features.search.LoginStory" skipped="0" tests="1" time="119.69" timestamp="2019-07-21T20:50:00.526+07:00[Asia/Bangkok]"><testcase classname="ebank.com.vn.features.search.LoginStory" name="Login ebank"><error message="The following error occurred: element click intercepted: Element &lt;input id=&quot;trCancel&quot; class=&quot;btnshadow-after btn-second-after&quot; onclick=&quot;sendJSONRequest()&quot; type=&quot;button&quot; value=&quot;Tiếp tục&quot; autocomplete=&quot;off&quot; autocorrect=&quot;off&quot; autocapitalize=&quot;off&quot; spellcheck=&quot;off&quot;&gt; is not clickable at point (976, 491). Other element would receive the click: &lt;iframe name=&quot;f1dc3714808c83c&quot; width=&quot;1000px&quot; height=&quot;1000px&quot; title=&quot;&quot; frameborder=&quot;0&quot; allowtransparency=&quot;true&quot; allowfullscreen=&quot;true&quot; scrolling=&quot;no&quot; allow=&quot;encrypted-media&quot; src=&quot;https://www.facebook.com/v2.12/plugins/customerchat.php?app_id=&amp;amp;channel=https%3A%2F%2Fstaticxx.facebook.com%2Fconnect%2Fxd_arbiter.php%3Fversion%3D44%23cb%3Df17c324d8243f98%26domain%3Debank.tpb.vn%26origin%3Dhttps%253A%252F%252Febank.tpb.vn%252Ff11a2ff7945ebcc%26relation%3Dparent.parent&amp;amp;container_width=0&amp;amp;locale=vi_VN&amp;amp;logged_in_greeting=Xin%20ch%C3%A0o!%20M%C3%ACnh%20l%C3%A0%20Tr%E1%BB%A3%20l%C3%BD%20%E1%BA%A3o%20T%E2%80%99Aio%20c%E1%BB%A7a%20TPBank.%20M%C3%ACnh%20c%C3%B3%20th%E1%BB%83%20gi%C3%BAp%20g%C3%AC%20cho%20b%E1%BA%A1n%20%3F&amp;amp;logged_out_greeting=Xin%20ch%C3%A0o!%20M%C3%ACnh%20l%C3%A0%20Tr%E1%BB%A3%20l%C3%BD%20%E1%BA%A3o%20T%E2%80%99Aio%20c%E1%BB%A7a%20TPBank.%20M%C3%ACnh%20c%C3%B3%20th%E1%BB%83%20gi%C3%BAp%20g%C3%AC%20cho%20b%E1%BA%A1n%20%3F&amp;amp;page_id=181643348566296&amp;amp;sdk=joey&amp;amp;theme_color=%23ff861f&quot; style=&quot;border: none; visibility: visible; width: 288pt; height: 211px; border-radius: 9pt; bottom: 63pt; padding: 0px; position: fixed; right: 9pt; top: auto; z-index: 2147483647; max-height: 100%;&quot; class=&quot; fb_customer_chat_bounce_in_v2&quot; data-testid=&quot;dialog_iframe&quot;&gt;&lt;/iframe&gt;&#10;  (Session info: chrome=75.0.3770.142)&#10;Build info: version: '3.7.1', revision: '8a0099a', time: '2017-11-06T21:01:39.354Z'&#10;System info: host: 'PC2017022219NBH', ip: '192.168.1.8', os.name: 'Windows 7', os.arch: 'x86', os.version: '6.1', java.version: '1.8.0_181'&#10;Driver info: org.openqa.selenium.remote.RemoteWebDriver&#10;Capabilities {acceptInsecureCerts: false, browserName: chrome, browserVersion: 75.0.3770.142, chrome: {chromedriverVersion: 75.0.3770.90 (a6dcaf7e3ec6f..., userDataDir: C:\Users\WINDOW~1\AppData\L...}, goog:chromeOptions: {debuggerAddress: localhost:63611}, javascriptEnabled: true, networkConnectionEnabled: false, pageLoadStrategy: normal, platform: XP, platformName: XP, proxy: Proxy(), setWindowRect: true, strictFileInteractability: false, timeouts: {implicit: 0, pageLoad: 300000, script: 30000}, unhandledPromptBehavior: dismiss and notify}&#10;Session ID: e166a6d691fa7df23546f7ac429966f6" type="org.openqa.selenium.ElementClickInterceptedException">The following error occurred: element click intercepted: Element &lt;input id="trCancel" class="btnshadow-after btn-second-after" onclick="sendJSONRequest()" type="button" value="Tiếp tục" autocomplete="off" autocorrect="off" autocapitalize="off" spellcheck="off"&gt; is not clickable at point (976, 491). Other element would receive the click: &lt;iframe name="f1dc3714808c83c" width="1000px" height="1000px" title="" frameborder="0" allowtransparency="true" allowfullscreen="true" scrolling="no" allow="encrypted-media" src="https://www.facebook.com/v2.12/plugins/customerchat.php?app_id=&amp;amp;channel=https%3A%2F%2Fstaticxx.facebook.com%2Fconnect%2Fxd_arbiter.php%3Fversion%3D44%23cb%3Df17c324d8243f98%26domain%3Debank.tpb.vn%26origin%3Dhttps%253A%252F%252Febank.tpb.vn%252Ff11a2ff7945ebcc%26relation%3Dparent.parent&amp;amp;container_width=0&amp;amp;locale=vi_VN&amp;amp;logged_in_greeting=Xin%20ch%C3%A0o!%20M%C3%ACnh%20l%C3%A0%20Tr%E1%BB%A3%20l%C3%BD%20%E1%BA%A3o%20T%E2%80%99Aio%20c%E1%BB%A7a%20TPBank.%20M%C3%ACnh%20c%C3%B3%20th%E1%BB%83%20gi%C3%BAp%20g%C3%AC%20cho%20b%E1%BA%A1n%20%3F&amp;amp;logged_out_greeting=Xin%20ch%C3%A0o!%20M%C3%ACnh%20l%C3%A0%20Tr%E1%BB%A3%20l%C3%BD%20%E1%BA%A3o%20T%E2%80%99Aio%20c%E1%BB%A7a%20TPBank.%20M%C3%ACnh%20c%C3%B3%20th%E1%BB%83%20gi%C3%BAp%20g%C3%AC%20cho%20b%E1%BA%A1n%20%3F&amp;amp;page_id=181643348566296&amp;amp;sdk=joey&amp;amp;theme_color=%23ff861f" style="border: none; visibility: visible; width: 288pt; height: 211px; border-radius: 9pt; bottom: 63pt; padding: 0px; position: fixed; right: 9pt; top: auto; z-index: 2147483647; max-height: 100%;" class=" fb_customer_chat_bounce_in_v2" data-testid="dialog_iframe"&gt;&lt;/iframe&gt;
  (Session info: chrome=75.0.3770.142)
Build info: version: '3.7.1', revision: '8a0099a', time: '2017-11-06T21:01:39.354Z'
System info: host: 'PC2017022219NBH', ip: '192.168.1.8', os.name: 'Windows 7', os.arch: 'x86', os.version: '6.1', java.version: '1.8.0_181'
Driver info: org.openqa.selenium.remote.RemoteWebDriver
Capabilities {acceptInsecureCerts: false, browserName: chrome, browserVersion: 75.0.3770.142, chrome: {chromedriverVersion: 75.0.3770.90 (a6dcaf7e3ec6f..., userDataDir: C:\Users\WINDOW~1\AppData\L...}, goog:chromeOptions: {debuggerAddress: localhost:63611}, javascriptEnabled: true, networkConnectionEnabled: false, pageLoadStrategy: normal, platform: XP, platformName: XP, proxy: Proxy(), setWindowRect: true, strictFileInteractability: false, timeouts: {implicit: 0, pageLoad: 300000, script: 30000}, unhandledPromptBehavior: dismiss and notify}
Session ID: e166a6d691fa7df23546f7ac429966f6</error><system-err>The following error occurred: element click intercepted: Element &lt;input id="trCancel" class="btnshadow-after btn-second-after" onclick="sendJSONRequest()" type="button" value="Tiếp tục" autocomplete="off" autocorrect="off" autocapitalize="off" spellcheck="off"&gt; is not clickable at point (976, 491). Other element would receive the click: &lt;iframe name="f1dc3714808c83c" width="1000px" height="1000px" title="" frameborder="0" allowtransparency="true" allowfullscreen="true" scrolling="no" allow="encrypted-media" src="https://www.facebook.com/v2.12/plugins/customerchat.php?app_id=&amp;amp;channel=https%3A%2F%2Fstaticxx.facebook.com%2Fconnect%2Fxd_arbiter.php%3Fversion%3D44%23cb%3Df17c324d8243f98%26domain%3Debank.tpb.vn%26origin%3Dhttps%253A%252F%252Febank.tpb.vn%252Ff11a2ff7945ebcc%26relation%3Dparent.parent&amp;amp;container_width=0&amp;amp;locale=vi_VN&amp;amp;logged_in_greeting=Xin%20ch%C3%A0o!%20M%C3%ACnh%20l%C3%A0%20Tr%E1%BB%A3%20l%C3%BD%20%E1%BA%A3o%20T%E2%80%99Aio%20c%E1%BB%A7a%20TPBank.%20M%C3%ACnh%20c%C3%B3%20th%E1%BB%83%20gi%C3%BAp%20g%C3%AC%20cho%20b%E1%BA%A1n%20%3F&amp;amp;logged_out_greeting=Xin%20ch%C3%A0o!%20M%C3%ACnh%20l%C3%A0%20Tr%E1%BB%A3%20l%C3%BD%20%E1%BA%A3o%20T%E2%80%99Aio%20c%E1%BB%A7a%20TPBank.%20M%C3%ACnh%20c%C3%B3%20th%E1%BB%83%20gi%C3%BAp%20g%C3%AC%20cho%20b%E1%BA%A1n%20%3F&amp;amp;page_id=181643348566296&amp;amp;sdk=joey&amp;amp;theme_color=%23ff861f" style="border: none; visibility: visible; width: 288pt; height: 211px; border-radius: 9pt; bottom: 63pt; padding: 0px; position: fixed; right: 9pt; top: auto; z-index: 2147483647; max-height: 100%;" class=" fb_customer_chat_bounce_in_v2" data-testid="dialog_iframe"&gt;&lt;/iframe&gt;
  (Session info: chrome=75.0.3770.142)
Build info: version: '3.7.1', revision: '8a0099a', time: '2017-11-06T21:01:39.354Z'
System info: host: 'PC2017022219NBH', ip: '192.168.1.8', os.name: 'Windows 7', os.arch: 'x86', os.version: '6.1', java.version: '1.8.0_181'
Driver info: org.openqa.selenium.remote.RemoteWebDriver
Capabilities {acceptInsecureCerts: false, browserName: chrome, browserVersion: 75.0.3770.142, chrome: {chromedriverVersion: 75.0.3770.90 (a6dcaf7e3ec6f..., userDataDir: C:\Users\WINDOW~1\AppData\L...}, goog:chromeOptions: {debuggerAddress: localhost:63611}, javascriptEnabled: true, networkConnectionEnabled: false, pageLoadStrategy: normal, platform: XP, platformName: XP, proxy: Proxy(), setWindowRect: true, strictFileInteractability: false, timeouts: {implicit: 0, pageLoad: 300000, script: 30000}, unhandledPromptBehavior: dismiss and notify}
Session ID: e166a6d691fa7df23546f7ac429966f6&#13;
ebank.com.vn.pages.TransferPage.click_btn_continue2(TransferPage.java:103)&#13;
ebank.com.vn.steps.serenity.TransferSteps.start_transfer2(TransferSteps.java:43)&#13;
ebank.com.vn.features.search.LoginStory.login_ebank(LoginStory.java:38)&#13;
</system-err></testcase></testsuite>