<?xml version="1.0" encoding="UTF-8"?>
<testsuite xmlns:xsi="http://www.w3.org/2001/XMLSchema-instance" xsi:schemaLocation="https://maven.apache.org/surefire/maven-surefire-plugin/xsd/surefire-test-report.xsd" name="ebank.com.vn.features.search.LoginStory" time="126.037" tests="1" errors="1" skipped="0" failures="0">
  <properties>
[...]
</properties>
  <testcase name="login_ebank" classname="ebank.com.vn.features.search.LoginStory" time="119.802">
    <error message="The following error occurred: element click intercepted: Element &lt;input id=&quot;trCancel&quot; class=&quot;btnshadow-after btn-second-after&quot; onclick=&quot;sendJSONRequest()&quot; type=&quot;button&quot; value=&quot;Tiếp tục&quot; autocomplete=&quot;off&quot; autocorrect=&quot;off&quot; autocapitalize=&quot;off&quot; spellcheck=&quot;off&quot;&gt; is not clickable at point (976, 491). Other element would receive the click: &lt;iframe name=&quot;f1dc3714808c83c&quot; width=&quot;1000px&quot; height=&quot;1000px&quot; title=&quot;&quot; frameborder=&quot;0&quot; allowtransparency=&quot;true&quot; allowfullscreen=&quot;true&quot; scrolling=&quot;no&quot; allow=&quot;encrypted-media&quot; src=&quot;https://www.facebook.com/v2.12/plugins/customerchat.php?app_id=&amp;amp;channel=https%3A%2F%2Fstaticxx.facebook.com%2Fconnect%2Fxd_arbiter.php%3Fversion%3D44%23cb%3Df17c324d8243f98%26domain%3Debank.tpb.vn%26origin%3Dhttps%253A%252F%252Febank.tpb.vn%252Ff11a2ff7945ebcc%26relation%3Dparent.parent&amp;amp;container_width=0&amp;amp;locale=vi_VN&amp;amp;logged_in_greeting=Xin%20ch%C3%A0o!%20M%C3%ACnh%20l%C3%A0%20Tr%E1%BB%A3%20l%C3%BD%20%E1%BA%A3o%20T%E2%80%99Aio%20c%E1%BB%A7a%20TPBank.%20M%C3%ACnh%20c%C3%B3%20th%E1%BB%83%20gi%C3%BAp%20g%C3%AC%20cho%20b%E1%BA%A1n%20%3F&amp;amp;logged_out_greeting=Xin%20ch%C3%A0o!%20M%C3%ACnh%20l%C3%A0%20Tr%E1%BB%A3%20l%C3%BD%20%E1%BA%A3o%20T%E2%80%99Aio%20c%E1%BB%A7a%20TPBank.%20M%C3%ACnh%20c%C3%B3%20th%E1%BB%83%20gi%C3%BAp%20g%C3%AC%20cho%20b%E1%BA%A1n%20%3F&amp;amp;page_id=181643348566296&amp;amp;sdk=joey&amp;amp;theme_color=%23ff861f&quot; style=&quot;border: none; visibility: visible; width: 288pt; height: 211px; border-radius: 9pt; bottom: 63pt; padding: 0px; position: fixed; right: 9pt; top: auto; z-index: 2147483647; max-height: 100%;&quot; class=&quot; fb_customer_chat_bounce_in_v2&quot; data-testid=&quot;dialog_iframe&quot;&gt;&lt;/iframe&gt;&#10;  (Session info: chrome=75.0.3770.142)&#10;Build info: version: &apos;3.7.1&apos;, revision: &apos;8a0099a&apos;, time: &apos;2017-11-06T21:01:39.354Z&apos;&#10;System info: host: &apos;PC2017022219NBH&apos;, ip: &apos;192.168.1.8&apos;, os.name: &apos;Windows 7&apos;, os.arch: &apos;x86&apos;, os.version: &apos;6.1&apos;, java.version: &apos;1.8.0_181&apos;&#10;Driver info: org.openqa.selenium.remote.RemoteWebDriver&#10;Capabilities {acceptInsecureCerts: false, browserName: chrome, browserVersion: 75.0.3770.142, chrome: {chromedriverVersion: 75.0.3770.90 (a6dcaf7e3ec6f..., userDataDir: C:\Users\WINDOW~1\AppData\L...}, goog:chromeOptions: {debuggerAddress: localhost:63611}, javascriptEnabled: true, networkConnectionEnabled: false, pageLoadStrategy: normal, platform: XP, platformName: XP, proxy: Proxy(), setWindowRect: true, strictFileInteractability: false, timeouts: {implicit: 0, pageLoad: 300000, script: 30000}, unhandledPromptBehavior: dismiss and notify}&#10;Session ID: e166a6d691fa7df23546f7ac429966f6&#10;Build info: version: &apos;3.7.1&apos;, revision: &apos;8a0099a&apos;, time: &apos;2017-11-06T21:01:39.354Z&apos;&#10;System info: host: &apos;PC2017022219NBH&apos;, ip: &apos;192.168.1.8&apos;, os.name: &apos;Windows 7&apos;, os.arch: &apos;x86&apos;, os.version: &apos;6.1&apos;, java.version: &apos;1.8.0_181&apos;&#10;Driver info: driver.version: unknown" type="org.openqa.selenium.ElementClickInterceptedException"><![CDATA[org.openqa.selenium.ElementClickInterceptedException: 
The following error occurred: element click intercepted: Element <input id="trCancel" class="btnshadow-after btn-second-after" onclick="sendJSONRequest()" type="button" value="Tiếp tục" autocomplete="off" autocorrect="off" autocapitalize="off" spellcheck="off"> is not clickable at point (976, 491). Other element would receive the click: <iframe name="f1dc3714808c83c" width="1000px" height="1000px" title="" frameborder="0" allowtransparency="true" allowfullscreen="true" scrolling="no" allow="encrypted-media" src="https://www.facebook.com/v2.12/plugins/customerchat.php?app_id=&amp;channel=https%3A%2F%2Fstaticxx.facebook.com%2Fconnect%2Fxd_arbiter.php%3Fversion%3D44%23cb%3Df17c324d8243f98%26domain%3Debank.tpb.vn%26origin%3Dhttps%253A%252F%252Febank.tpb.vn%252Ff11a2ff7945ebcc%26relation%3Dparent.parent&amp;container_width=0&amp;locale=vi_VN&amp;logged_in_greeting=Xin%20ch%C3%A0o!%20M%C3%ACnh%20l%C3%A0%20Tr%E1%BB%A3%20l%C3%BD%20%E1%BA%A3o%20T%E2%80%99Aio%20c%E1%BB%A7a%20TPBank.%20M%C3%ACnh%20c%C3%B3%20th%E1%BB%83%20gi%C3%BAp%20g%C3%AC%20cho%20b%E1%BA%A1n%20%3F&amp;logged_out_greeting=Xin%20ch%C3%A0o!%20M%C3%ACnh%20l%C3%A0%20Tr%E1%BB%A3%20l%C3%BD%20%E1%BA%A3o%20T%E2%80%99Aio%20c%E1%BB%A7a%20TPBank.%20M%C3%ACnh%20c%C3%B3%20th%E1%BB%83%20gi%C3%BAp%20g%C3%AC%20cho%20b%E1%BA%A1n%20%3F&amp;page_id=181643348566296&amp;sdk=joey&amp;theme_color=%23ff861f" style="border: none; visibility: visible; width: 288pt; height: 211px; border-radius: 9pt; bottom: 63pt; padding: 0px; position: fixed; right: 9pt; top: auto; z-index: 2147483647; max-height: 100%;" class=" fb_customer_chat_bounce_in_v2" data-testid="dialog_iframe"></iframe>
  (Session info: chrome=75.0.3770.142)
Build info: version: '3.7.1', revision: '8a0099a', time: '2017-11-06T21:01:39.354Z'
System info: host: 'PC2017022219NBH', ip: '192.168.1.8', os.name: 'Windows 7', os.arch: 'x86', os.version: '6.1', java.version: '1.8.0_181'
Driver info: org.openqa.selenium.remote.RemoteWebDriver
Capabilities {acceptInsecureCerts: false, browserName: chrome, browserVersion: 75.0.3770.142, chrome: {chromedriverVersion: 75.0.3770.90 (a6dcaf7e3ec6f..., userDataDir: C:\Users\WINDOW~1\AppData\L...}, goog:chromeOptions: {debuggerAddress: localhost:63611}, javascriptEnabled: true, networkConnectionEnabled: false, pageLoadStrategy: normal, platform: XP, platformName: XP, proxy: Proxy(), setWindowRect: true, strictFileInteractability: false, timeouts: {implicit: 0, pageLoad: 300000, script: 30000}, unhandledPromptBehavior: dismiss and notify}
Session ID: e166a6d691fa7df23546f7ac429966f6
Build info: version: '3.7.1', revision: '8a0099a', time: '2017-11-06T21:01:39.354Z'
System info: host: 'PC2017022219NBH', ip: '192.168.1.8', os.name: 'Windows 7', os.arch: 'x86', os.version: '6.1', java.version: '1.8.0_181'
Driver info: driver.version: unknown
	at ebank.com.vn.features.search.LoginStory.login_ebank(LoginStory.java:38)
]]></error>
    <system-out><![CDATA[Story name for search => TestTag{name='Login story', type='story'}
]]></system-out>
    <system-err><![CDATA[[main] INFO net.serenitybdd.core.Serenity - &amp#27;[36m

-------------------------------------------------------------------------------------
     _______. _______ .______       _______ .__   __.  __  .___________.____    ____ 
    /       ||   ____||   _  \     |   ____||  \ |  | |  | |           |\   \  /   / 
   |   (----`|  |__   |  |_)  |    |  |__   |   \|  | |  | `---|  |----` \   \/   /  
    \   \    |   __|  |      /     |   __|  |  . `  | |  |     |  |       \_    _/   
.----)   |   |  |____ |  |\  \----.|  |____ |  |\   | |  |     |  |         |  |     
|_______/    |_______|| _| `._____||_______||__| \__| |__|     |__|         |__|    
                                                                                     
 News and tutorials at http://www.serenity-bdd.info                                  
 Documentation at https://wakaleo.gitbooks.io/the-serenity-book/content/             
 Join the Serenity Community on Rocket Chat at https://serenity-bdd.rocket.chat      
 Serenity BDD Support and Training at http://serenity-bdd.info/#/trainingandsupport  
 Learn Serenity BDD online at http://serenity-dojo.com                               
-------------------------------------------------------------------------------------
&amp#27;[0m
[main] INFO net.serenitybdd.core.Serenity - Test Suite Started: Login story
[main] INFO net.serenitybdd.core.Serenity - 
 _____ _____ ____ _____   ____ _____  _    ____ _____ _____ ____  
|_   _| ____/ ___|_   _| / ___|_   _|/ \  |  _ \_   _| ____|  _ \ 
  | | |  _| \___ \ | |   \___ \ | | / _ \ | |_) || | |  _| | | | |
  | | | |___ ___) || |    ___) || |/ ___ \|  _ < | | | |___| |_| |
  |_| |_____|____/ |_|   |____/ |_/_/   \_\_| \_\|_| |_____|____/ 
                                                                  

TEST STARTED: login_ebank
-------------------------------------------------------------------
[main] INFO net.serenitybdd.core.Serenity - TEST NUMBER: 1
Starting ChromeDriver 75.0.3770.90 (a6dcaf7e3ec6f70a194cc25e8149475c6590e025-refs/branch-heads/3770@{#1003}) on port 41736
Only local connections are allowed.
Please protect ports used by ChromeDriver and related test frameworks to prevent access by malicious code.
Jul 21, 2019 8:50:09 PM org.openqa.selenium.remote.ProtocolHandshake createSession
INFO: Detected dialect: W3C
]]></system-err>
  </testcase>
</testsuite>